# JRE version: OpenJDK Runtime Environment Corretto-17.0.14.7.1 (17.0.14+7) (build 17.0.14+7-LTS)
# Java VM: OpenJDK 64-Bit Server VM Corretto-17.0.14.7.1 (17.0.14+7-LTS, mixed mode, sharing, tiered, compressed oops, compressed class ptrs, g1 gc, windows-amd64)
GC Precious Log:
 CPUs: 24 total, 24 available
 Memory: 32492M
 Large Page Support: Disabled
 NUMA Support: Disabled
 Compressed Oops: Enabled (32-bit)
 Heap Region Size: 1M
 Heap Min Capacity: 256M
 Heap Initial Capacity: 256M
 Heap Max Capacity: 512M
 Pre-touch: Disabled
 Parallel Workers: 18
 Concurrent Workers: 5
 Concurrent Refinement Workers: 18
 Periodic GC: Disabled
Heap:
 garbage-first heap   total 262144K, used 121067K [0x00000000e0000000, 0x0000000100000000)
  region size 1024K, 29 young (29696K), 9 survivors (9216K)
 Metaspace       used 88641K, committed 90112K, reserved 458752K
  class space    used 11610K, committed 12288K, reserved 327680K
GC Heap History (20 events):
Event: 5394.170 GC heap before
{Heap before GC invocations=66 (full 0):
 garbage-first heap   total 262144K, used 212175K [0x00000000e0000000, 0x0000000100000000)
  region size 1024K, 121 young (123904K), 8 survivors (8192K)
 Metaspace       used 88322K, committed 89792K, reserved 458752K
  class space    used 11609K, committed 12288K, reserved 327680K
}
Event: 5394.174 GC heap after
{Heap after GC invocations=67 (full 0):
 garbage-first heap   total 262144K, used 97645K [0x00000000e0000000, 0x0000000100000000)
  region size 1024K, 8 young (8192K), 8 survivors (8192K)
 Metaspace       used 88322K, committed 89792K, reserved 458752K
  class space    used 11609K, committed 12288K, reserved 327680K
}
Event: 5398.900 GC heap before
{Heap before GC invocations=67 (full 0):
 garbage-first heap   total 262144K, used 213357K [0x00000000e0000000, 0x0000000100000000)
  region size 1024K, 121 young (123904K), 8 survivors (8192K)
 Metaspace       used 88350K, committed 89792K, reserved 458752K
  class space    used 11609K, committed 12288K, reserved 327680K
}
Event: 5398.902 GC heap after
{Heap after GC invocations=68 (full 0):
 garbage-first heap   total 262144K, used 98590K [0x00000000e0000000, 0x0000000100000000)
  region size 1024K, 9 young (9216K), 9 survivors (9216K)
 Metaspace       used 88350K, committed 89792K, reserved 458752K
  class space    used 11609K, committed 12288K, reserved 327680K
}
Event: 5405.849 GC heap before
{Heap before GC invocations=68 (full 0):
 garbage-first heap   total 262144K, used 213278K [0x00000000e0000000, 0x0000000100000000)
  region size 1024K, 121 young (123904K), 9 survivors (9216K)
 Metaspace       used 88469K, committed 89920K, reserved 458752K
  class space    used 11609K, committed 12288K, reserved 327680K
}
Event: 5405.851 GC heap after
{Heap after GC invocations=69 (full 0):
 garbage-first heap   total 262144K, used 98890K [0x00000000e0000000, 0x0000000100000000)
  region size 1024K, 10 young (10240K), 10 survivors (10240K)
 Metaspace       used 88469K, committed 89920K, reserved 458752K
  class space    used 11609K, committed 12288K, reserved 327680K
}
Event: 5410.346 GC heap before
{Heap before GC invocations=69 (full 0):
 garbage-first heap   total 262144K, used 211530K [0x00000000e0000000, 0x0000000100000000)
  region size 1024K, 120 young (122880K), 10 survivors (10240K)
 Metaspace       used 88506K, committed 89920K, reserved 458752K
  class space    used 11609K, committed 12288K, reserved 327680K
}
Event: 5410.349 GC heap after
{Heap after GC invocations=70 (full 0):
 garbage-first heap   total 262144K, used 99783K [0x00000000e0000000, 0x0000000100000000)
  region size 1024K, 10 young (10240K), 10 survivors (10240K)
 Metaspace       used 88506K, committed 89920K, reserved 458752K
  class space    used 11609K, committed 12288K, reserved 327680K
}
Event: 5413.406 GC heap before
{Heap before GC invocations=70 (full 0):
 garbage-first heap   total 262144K, used 210375K [0x00000000e0000000, 0x0000000100000000)
  region size 1024K, 118 young (120832K), 10 survivors (10240K)
 Metaspace       used 88527K, committed 89984K, reserved 458752K
  class space    used 11609K, committed 12288K, reserved 327680K
}
Event: 5413.409 GC heap after
{Heap after GC invocations=71 (full 0):
 garbage-first heap   total 262144K, used 100578K [0x00000000e0000000, 0x0000000100000000)
  region size 1024K, 10 young (10240K), 10 survivors (10240K)
 Metaspace       used 88527K, committed 89984K, reserved 458752K
  class space    used 11609K, committed 12288K, reserved 327680K
}
Event: 5421.093 GC heap before
{Heap before GC invocations=71 (full 0):
 garbage-first heap   total 262144K, used 210146K [0x00000000e0000000, 0x0000000100000000)
  region size 1024K, 117 young (119808K), 10 survivors (10240K)
 Metaspace       used 88536K, committed 89984K, reserved 458752K
  class space    used 11610K, committed 12288K, reserved 327680K
}
Event: 5421.095 GC heap after
{Heap after GC invocations=72 (full 0):
 garbage-first heap   total 262144K, used 101073K [0x00000000e0000000, 0x0000000100000000)
  region size 1024K, 10 young (10240K), 10 survivors (10240K)
 Metaspace       used 88536K, committed 89984K, reserved 458752K
  class space    used 11610K, committed 12288K, reserved 327680K
}
Event: 5425.825 GC heap before
{Heap before GC invocations=72 (full 0):
 garbage-first heap   total 262144K, used 209617K [0x00000000e0000000, 0x0000000100000000)
  region size 1024K, 116 young (118784K), 10 survivors (10240K)
 Metaspace       used 88550K, committed 89984K, reserved 458752K
  class space    used 11610K, committed 12288K, reserved 327680K
}
Event: 5425.827 GC heap after
{Heap after GC invocations=73 (full 0):
 garbage-first heap   total 262144K, used 101667K [0x00000000e0000000, 0x0000000100000000)
  region size 1024K, 10 young (10240K), 10 survivors (10240K)
 Metaspace       used 88550K, committed 89984K, reserved 458752K
  class space    used 11610K, committed 12288K, reserved 327680K
}
Event: 5446.223 GC heap before
{Heap before GC invocations=73 (full 0):
 garbage-first heap   total 262144K, used 209187K [0x00000000e0000000, 0x0000000100000000)
  region size 1024K, 116 young (118784K), 10 survivors (10240K)
 Metaspace       used 88576K, committed 89984K, reserved 458752K
  class space    used 11610K, committed 12288K, reserved 327680K
}
Event: 5446.225 GC heap after
{Heap after GC invocations=74 (full 0):
 garbage-first heap   total 262144K, used 101964K [0x00000000e0000000, 0x0000000100000000)
  region size 1024K, 10 young (10240K), 10 survivors (10240K)
 Metaspace       used 88576K, committed 89984K, reserved 458752K
  class space    used 11610K, committed 12288K, reserved 327680K
}
Event: 5448.759 GC heap before
{Heap before GC invocations=74 (full 0):
 garbage-first heap   total 262144K, used 210508K [0x00000000e0000000, 0x0000000100000000)
  region size 1024K, 116 young (118784K), 10 survivors (10240K)
 Metaspace       used 88624K, committed 90048K, reserved 458752K
  class space    used 11610K, committed 12288K, reserved 327680K
}
Event: 5448.761 GC heap after
{Heap after GC invocations=75 (full 0):
 garbage-first heap   total 262144K, used 102655K [0x00000000e0000000, 0x0000000100000000)
  region size 1024K, 11 young (11264K), 11 survivors (11264K)
 Metaspace       used 88624K, committed 90048K, reserved 458752K
  class space    used 11610K, committed 12288K, reserved 327680K
}
Event: 5879.784 GC heap before
{Heap before GC invocations=75 (full 0):
 garbage-first heap   total 262144K, used 207103K [0x00000000e0000000, 0x0000000100000000)
  region size 1024K, 114 young (116736K), 11 survivors (11264K)
 Metaspace       used 88641K, committed 90112K, reserved 458752K
  class space    used 11610K, committed 12288K, reserved 327680K
}
Event: 5879.788 GC heap after
{Heap after GC invocations=76 (full 0):
 garbage-first heap   total 262144K, used 101611K [0x00000000e0000000, 0x0000000100000000)
  region size 1024K, 9 young (9216K), 9 survivors (9216K)
 Metaspace       used 88641K, committed 90112K, reserved 458752K
  class space    used 11610K, committed 12288K, reserved 327680K
}

